[+] Setting up KernelSU...
[+] Repository cloned.
No local changes to save
[-] Stashed current changes.
Already up to date.
[+] Repository updated.
Already on 'main'
Your branch is up to date with 'origin/main'.
[-] Checked out main.
ln: kernelsu/kernel: não foi possível sobrescrever diretórios
[+] Modified Makefile.
[+] Modified Kconfig.
[+] Done.
[1 / 3] Starting build with Rissu's build script ...

=======================================================
Host Arch: x86_64
Host Kernel: 6.18.9-1-cachyos-bore
Host GNUMake: GNU Make 4.4.1
Kernel builder user: ork
Kernel builder host: ork

which: no aarch64-linux-gnu-elfedit in (/home/ork/Downloads/kernel_workspace/kernel/clang/bin:/usr/local/sbin:/usr/local/bin:/usr/sbin:/usr/bin:/sbin:/bin:/usr/local/bin:/usr/bin:/bin:/usr/local/sbin:/var/lib/flatpak/exports/bin:/usr/bin/site_perl:/usr/bin/vendor_perl:/usr/bin/core_perl)
Linux version: 4.14.356
Build date: qui 19 fev 2026 14:30:08 -03
Build target: kernel
Build arch: arm64
Target Defconfig: rsuntk_defconfig
Allocated core(s): 16

LTO: thin
=======================================================
[2 / 3] Building targets (kernel) with lto=thin @ 16 job(s)
make: Entrando no diretório '/home/ork/Downloads/kernel_workspace/kernel'

which: no aarch64-linux-gnu-elfedit in (/home/ork/Downloads/kernel_workspace/kernel/clang/bin:/usr/local/sbin:/usr/local/bin:/usr/sbin:/usr/bin:/sbin:/bin:/usr/local/bin:/usr/bin:/bin:/usr/local/sbin:/var/lib/flatpak/exports/bin:/usr/bin/site_perl:/usr/bin/vendor_perl:/usr/bin/core_perl)
  GEN     ./Makefile
#
# configuration written to .config
#
make: Saindo do diretório '/home/ork/Downloads/kernel_workspace/kernel'

[+] Enabling CONFIG_KSU ..
[+] LTO: Thin
[+] Disabling CONFIG_LTO_NONE
[+] Enabling CONFIG_LTO ..
[+] Enabling CONFIG_THINLTO ..
[+] Enabling CONFIG_LTO_CLANG ..
[+] Enabling CONFIG_ARCH_SUPPORTS_LTO_CLANG ..
[+] Enabling CONFIG_ARCH_SUPPORTS_THINLTO ..
make: Entrando no diretório '/home/ork/Downloads/kernel_workspace/kernel'

which: no aarch64-linux-gnu-elfedit in (/home/ork/Downloads/kernel_workspace/kernel/clang/bin:/usr/local/sbin:/usr/local/bin:/usr/sbin:/usr/bin:/sbin:/bin:/usr/local/bin:/usr/bin:/bin:/usr/local/sbin:/var/lib/flatpak/exports/bin:/usr/bin/site_perl:/usr/bin/vendor_perl:/usr/bin/core_perl)
which: no aarch64-linux-gnu-elfedit in (/home/ork/Downloads/kernel_workspace/kernel/clang/bin:/usr/local/sbin:/usr/local/bin:/usr/sbin:/usr/bin:/sbin:/bin:/usr/local/bin:/usr/bin:/bin:/usr/local/sbin:/var/lib/flatpak/exports/bin:/usr/bin/site_perl:/usr/bin/vendor_perl:/usr/bin/core_perl)
  GEN     ./Makefile
scripts/kconfig/conf  --silentoldconfig Kconfig
*
* Restart config...
*
*
* KernelSU
*
KernelSU function support (KSU) [Y/n/m/?] y
  KernelSU debug mode (KSU_DEBUG) [N/y/?] n
  KernelSU Session init keyring workaround (KSU_ALLOWLIST_WORKAROUND) [N/y/?] n
  Enable KernelSU cmdline (KSU_CMDLINE) [N/y/?] (NEW) aborted!

Console input/output is redirected. Run 'make oldconfig' to update configuration.

make[3]: *** [../scripts/kconfig/Makefile:40: silentoldconfig] Error 1
make[2]: *** [../Makefile:565: silentoldconfig] Error 2
make[1]: *** Sem regra para processar o alvo 'include/config/auto.conf', necessário por 'include/config/kernel.release' .  Pare.
make: *** [Makefile:153: sub-make] Error 2
make: Saindo do diretório '/home/ork/Downloads/kernel_workspace/kernel'


[1;31m#### Failed to build some targets (kernel) ####[0m

=======================================================
